<?xml version="1.0" encoding="UTF-8"?>
<!-- Generated by org.testng.reporters.JUnitReportReporter -->
<testsuite hostname="DESKTOP-7TVUAN4" failures="0" tests="2" name="Ep11.DataProvider" time="3.974" errors="0" timestamp="2024-08-29T15:15:21 IST" skipped="0">
  <testcase classname="Ep11.DataProvider" name="login" time="1.447"/>
  <testcase classname="Ep11.DataProvider" name="login" time="2.527"/>
</testsuite> <!-- Ep11.DataProvider -->
