<?xml version="1.0" encoding="UTF-8"?>
<!-- Generated by org.testng.reporters.JUnitReportReporter -->
<testsuite hostname="DESKTOP-7TVUAN4" failures="0" tests="3" name="DynamicExcel.loginsss" time="7.126" errors="0" timestamp="2024-09-02T18:17:05 IST" skipped="0">
  <testcase classname="DynamicExcel.loginsss" name="h" time="3.126"/>
  <testcase classname="DynamicExcel.loginsss" name="h" time="2.097"/>
  <testcase classname="DynamicExcel.loginsss" name="h" time="1.903"/>
</testsuite> <!-- DynamicExcel.loginsss -->
