<?xml version="1.0" encoding="UTF-8"?>
<!-- Generated by org.testng.reporters.JUnitReportReporter -->
<testsuite hostname="DESKTOP-7TVUAN4" failures="0" tests="2" name="Ep9.Group" time="0.007" errors="0" timestamp="2024-08-29T14:45:05 IST" skipped="0">
  <testcase classname="Ep9.Group" name="login" time="0.001"/>
  <testcase classname="Ep9.Group" name="enterthehomescreen" time="0.006"/>
</testsuite> <!-- Ep9.Group -->
