<?xml version="1.0" encoding="UTF-8"?>
<!-- Generated by org.testng.reporters.JUnitReportReporter -->
<testsuite hostname="DESKTOP-7TVUAN4" failures="0" tests="1" name="parelellEP3.parellel" time="6.192" errors="0" timestamp="2024-08-26T17:31:22 IST" skipped="0">
  <testcase classname="parelellEP3.parellel" name="haniffa" time="6.192"/>
</testsuite> <!-- parelellEP3.parellel -->
