<?xml version="1.0" encoding="UTF-8"?>
<!-- Generated by org.testng.reporters.JUnitReportReporter -->
<testsuite hostname="DESKTOP-7TVUAN4" failures="0" tests="2" name="Ep8.threadpoolsizeTimeout" time="8.038" errors="0" timestamp="2024-08-31T17:34:04 IST" skipped="0">
  <testcase classname="Ep8.threadpoolsizeTimeout" name="InvocationPrallel" time="4.287"/>
  <testcase classname="Ep8.threadpoolsizeTimeout" name="InvocationPrallel" time="3.751"/>
</testsuite> <!-- Ep8.threadpoolsizeTimeout -->
