<?xml version="1.0" encoding="UTF-8"?>
<!-- Generated by org.testng.reporters.JUnitReportReporter -->
<testsuite hostname="DESKTOP-7TVUAN4" failures="0" tests="2" name="cross.CrossBrowserusingparameter" time="6.722" errors="0" timestamp="2024-09-02T10:40:32 IST" skipped="0">
  <testcase classname="cross.CrossBrowserusingparameter" name="login" time="3.139"/>
  <testcase classname="cross.CrossBrowserusingparameter" name="login" time="3.583"/>
</testsuite> <!-- cross.CrossBrowserusingparameter -->
