<?xml version="1.0" encoding="UTF-8"?>
<!-- Generated by org.testng.reporters.JUnitReportReporter -->
<testsuite hostname="DESKTOP-7TVUAN4" failures="0" tests="1" name="Ep8.ExpectedExcepetion" time="6.827" errors="0" timestamp="2024-08-29T14:29:46 IST" skipped="0">
  <testcase classname="Ep8.ExpectedExcepetion" name="error" time="6.827"/>
</testsuite> <!-- Ep8.ExpectedExcepetion -->
