<?xml version="1.0" encoding="UTF-8"?>
<!-- Generated by org.testng.reporters.JUnitReportReporter -->
<testsuite hostname="DESKTOP-7TVUAN4" failures="0" tests="1" name="InvocationcountEP6.nvocation" time="8.715" errors="0" timestamp="2024-08-30T10:42:42 IST" skipped="0">
  <testcase classname="InvocationcountEP6.nvocation" name="Find" time="8.715"/>
</testsuite> <!-- InvocationcountEP6.nvocation -->
