<?xml version="1.0" encoding="UTF-8"?>
<!-- Generated by org.testng.reporters.JUnitReportReporter -->
<testsuite hostname="DESKTOP-7TVUAN4" failures="0" tests="1" name="SquencesceEp2.SubCatogory" time="6.502" errors="0" timestamp="2024-08-26T10:49:03 IST" skipped="0">
  <testcase classname="SquencesceEp2.SubCatogory" name="Sub" time="6.502"/>
</testsuite> <!-- SquencesceEp2.SubCatogory -->
