<?xml version="1.0" encoding="UTF-8"?>
<!-- Generated by org.testng.reporters.JUnitReportReporter -->
<testsuite hostname="DESKTOP-7TVUAN4" failures="0" tests="1" name="SquencesceEp2.Department" time="4.873" errors="0" timestamp="2024-08-26T10:49:03 IST" skipped="0">
  <testcase classname="SquencesceEp2.Department" name="Dep" time="4.873"/>
</testsuite> <!-- SquencesceEp2.Department -->
