<?xml version="1.0" encoding="UTF-8"?>
<!-- Generated by org.testng.reporters.JUnitReportReporter -->
<testsuite hostname="DESKTOP-7TVUAN4" failures="0" tests="1" name="SquencesceEp2.Catagory" time="8.126" errors="0" timestamp="2024-08-26T10:49:03 IST" skipped="0">
  <testcase classname="SquencesceEp2.Catagory" name="CAt" time="8.126"/>
</testsuite> <!-- SquencesceEp2.Catagory -->
