<?xml version="1.0" encoding="UTF-8"?>
<!-- Generated by org.testng.reporters.JUnitReportReporter -->
<testsuite hostname="DESKTOP-7TVUAN4" failures="0" tests="1" name="InstalationEP1.ep1" time="0.006" errors="0" timestamp="2024-08-23T09:55:01 IST" skipped="0">
  <testcase classname="InstalationEP1.ep1" name="get" time="0.006"/>
</testsuite> <!-- InstalationEP1.ep1 -->
