<?xml version="1.0" encoding="UTF-8"?>
<!-- Generated by org.testng.reporters.JUnitReportReporter -->
<testsuite hostname="DESKTOP-7TVUAN4" failures="0" tests="2" name="cross.CrossBrowserusingparameter" time="5.220" errors="0" timestamp="2024-08-31T17:32:27 IST" skipped="0">
  <testcase classname="cross.CrossBrowserusingparameter" name="login" time="2.981"/>
  <testcase classname="cross.CrossBrowserusingparameter" name="login" time="2.239"/>
</testsuite> <!-- cross.CrossBrowserusingparameter -->
