<?xml version="1.0" encoding="UTF-8"?>
<!-- Generated by org.testng.reporters.JUnitReportReporter -->
<testsuite hostname="DESKTOP-7TVUAN4" failures="0" tests="1" name="EP10.parameter" time="2.290" errors="0" timestamp="2024-08-29T15:00:55 IST" skipped="0">
  <testcase classname="EP10.parameter" name="login" time="2.290"/>
</testsuite> <!-- EP10.parameter -->
