<?xml version="1.0" encoding="UTF-8"?>
<!-- Generated by org.testng.reporters.JUnitReportReporter -->
<testsuite hostname="DESKTOP-7TVUAN4" failures="0" tests="3" name="InvocationcountEP6.nvocation" time="9.225" errors="0" timestamp="2024-08-26T18:08:09 IST" skipped="0">
  <testcase classname="InvocationcountEP6.nvocation" name="Find" time="3.445"/>
  <testcase classname="InvocationcountEP6.nvocation" name="Find" time="2.966"/>
  <testcase classname="InvocationcountEP6.nvocation" name="Find" time="2.814"/>
</testsuite> <!-- InvocationcountEP6.nvocation -->
