<?xml version="1.0" encoding="UTF-8"?>
<!-- Generated by org.testng.reporters.JUnitReportReporter -->
<testsuite hostname="DESKTOP-7TVUAN4" failures="0" tests="5" name="PriorityEp4.priority" time="0.011" errors="0" timestamp="2024-08-26T17:48:19 IST" skipped="0">
  <testcase classname="PriorityEp4.priority" name="login" time="0.007"/>
  <testcase classname="PriorityEp4.priority" name="enterthehomescreen" time="0.001"/>
  <testcase classname="PriorityEp4.priority" name="addToCart" time="0.001"/>
  <testcase classname="PriorityEp4.priority" name="EnterAdress" time="0.001"/>
  <testcase classname="PriorityEp4.priority" name="signout" time="0.001"/>
</testsuite> <!-- PriorityEp4.priority -->
