<?xml version="1.0" encoding="UTF-8"?>
<!-- Generated by org.testng.reporters.JUnitReportReporter -->
<testsuite hostname="DESKTOP-7TVUAN4" failures="0" tests="1" name="Ep12.DataProviderByOtherclass" time="2.145" errors="0" timestamp="2024-08-29T15:55:44 IST" skipped="0">
  <testcase classname="Ep12.DataProviderByOtherclass" name="login" time="2.145"/>
</testsuite> <!-- Ep12.DataProviderByOtherclass -->
